[20:17:10] [Server thread/INFO]: Starting minecraft server version 1.10.2
[20:17:10] [Server thread/WARN]: To start the server with more ram, launch it as "java -Xmx1024M -Xms1024M -jar minecraft_server.jar"
[20:17:10] [Server thread/INFO]: Loading properties
[20:17:11] [Server thread/INFO]: Default game type: SURVIVAL
[20:17:11] [Server thread/INFO]: Generating keypair
[20:17:11] [Server thread/INFO]: Starting Minecraft server on *:25565
[20:17:12] [Server thread/INFO]: Using epoll channel type
[20:17:12] [Server thread/WARN]: Failed to load user banlist: 
java.io.FileNotFoundException: banned-players.json (No such file or directory)
	at java.io.FileInputStream.open0(Native Method) ~[?:1.8.0_111]
	at java.io.FileInputStream.open(FileInputStream.java:195) ~[?:1.8.0_111]
	at java.io.FileInputStream.<init>(FileInputStream.java:138) ~[?:1.8.0_111]
	at com.google.common.io.Files.newReader(Files.java:86) ~[minecraft_server.1.10.2.jar:?]
	at mt.g(SourceFile:136) ~[minecraft_server.1.10.2.jar:?]
	at lc.z(SourceFile:99) [minecraft_server.1.10.2.jar:?]
	at lc.<init>(SourceFile:25) [minecraft_server.1.10.2.jar:?]
	at ld.j(SourceFile:185) [minecraft_server.1.10.2.jar:?]
	at net.minecraft.server.MinecraftServer.run(SourceFile:428) [minecraft_server.1.10.2.jar:?]
	at java.lang.Thread.run(Thread.java:745) [?:1.8.0_111]
[20:17:12] [Server thread/WARN]: Failed to load ip banlist: 
java.io.FileNotFoundException: banned-ips.json (No such file or directory)
	at java.io.FileInputStream.open0(Native Method) ~[?:1.8.0_111]
	at java.io.FileInputStream.open(FileInputStream.java:195) ~[?:1.8.0_111]
	at java.io.FileInputStream.<init>(FileInputStream.java:138) ~[?:1.8.0_111]
	at com.google.common.io.Files.newReader(Files.java:86) ~[minecraft_server.1.10.2.jar:?]
	at mt.g(SourceFile:136) ~[minecraft_server.1.10.2.jar:?]
	at lc.y(SourceFile:91) [minecraft_server.1.10.2.jar:?]
	at lc.<init>(SourceFile:27) [minecraft_server.1.10.2.jar:?]
	at ld.j(SourceFile:185) [minecraft_server.1.10.2.jar:?]
	at net.minecraft.server.MinecraftServer.run(SourceFile:428) [minecraft_server.1.10.2.jar:?]
	at java.lang.Thread.run(Thread.java:745) [?:1.8.0_111]
[20:17:12] [Server thread/WARN]: Failed to load operators list: 
java.io.FileNotFoundException: ops.json (No such file or directory)
	at java.io.FileInputStream.open0(Native Method) ~[?:1.8.0_111]
	at java.io.FileInputStream.open(FileInputStream.java:195) ~[?:1.8.0_111]
	at java.io.FileInputStream.<init>(FileInputStream.java:138) ~[?:1.8.0_111]
	at com.google.common.io.Files.newReader(Files.java:86) ~[minecraft_server.1.10.2.jar:?]
	at mt.g(SourceFile:136) ~[minecraft_server.1.10.2.jar:?]
	at lc.A(SourceFile:107) [minecraft_server.1.10.2.jar:?]
	at lc.<init>(SourceFile:29) [minecraft_server.1.10.2.jar:?]
	at ld.j(SourceFile:185) [minecraft_server.1.10.2.jar:?]
	at net.minecraft.server.MinecraftServer.run(SourceFile:428) [minecraft_server.1.10.2.jar:?]
	at java.lang.Thread.run(Thread.java:745) [?:1.8.0_111]
[20:17:12] [Server thread/WARN]: Failed to load white-list: 
java.io.FileNotFoundException: whitelist.json (No such file or directory)
	at java.io.FileInputStream.open0(Native Method) ~[?:1.8.0_111]
	at java.io.FileInputStream.open(FileInputStream.java:195) ~[?:1.8.0_111]
	at java.io.FileInputStream.<init>(FileInputStream.java:138) ~[?:1.8.0_111]
	at com.google.common.io.Files.newReader(Files.java:86) ~[minecraft_server.1.10.2.jar:?]
	at mt.g(SourceFile:136) ~[minecraft_server.1.10.2.jar:?]
	at lc.C(SourceFile:123) [minecraft_server.1.10.2.jar:?]
	at lc.<init>(SourceFile:30) [minecraft_server.1.10.2.jar:?]
	at ld.j(SourceFile:185) [minecraft_server.1.10.2.jar:?]
	at net.minecraft.server.MinecraftServer.run(SourceFile:428) [minecraft_server.1.10.2.jar:?]
	at java.lang.Thread.run(Thread.java:745) [?:1.8.0_111]
[20:17:12] [Server thread/INFO]: Preparing level "world"
[20:17:13] [Server thread/INFO]: Preparing start region for level 0
[20:17:15] [Server thread/INFO]: Preparing spawn area: 0%
[20:17:16] [Server thread/INFO]: Preparing spawn area: 20%
[20:17:17] [Server thread/INFO]: Preparing spawn area: 45%
[20:17:18] [Server thread/INFO]: Preparing spawn area: 65%
[20:17:19] [Server thread/INFO]: Preparing spawn area: 78%
[20:17:19] [Server thread/INFO]: Done (7.343s)! For help, type "help" or "?"
[20:17:25] [Server thread/WARN]: Can't keep up! Did the system time change, or is the server overloaded? Running 2429ms behind, skipping 48 tick(s)
[22:28:08] [Server Shutdown Thread/INFO]: Stopping server
[22:28:08] [Server console handler/ERROR]: Exception handling console input
java.io.IOException: Input/output error
	at java.io.FileInputStream.readBytes(Native Method) ~[?:1.8.0_111]
	at java.io.FileInputStream.read(FileInputStream.java:255) ~[?:1.8.0_111]
	at java.io.BufferedInputStream.read1(BufferedInputStream.java:284) ~[?:1.8.0_111]
	at java.io.BufferedInputStream.read(BufferedInputStream.java:345) ~[?:1.8.0_111]
	at sun.nio.cs.StreamDecoder.readBytes(StreamDecoder.java:284) ~[?:1.8.0_111]
	at sun.nio.cs.StreamDecoder.implRead(StreamDecoder.java:326) ~[?:1.8.0_111]
	at sun.nio.cs.StreamDecoder.read(StreamDecoder.java:178) ~[?:1.8.0_111]
	at java.io.InputStreamReader.read(InputStreamReader.java:184) ~[?:1.8.0_111]
	at java.io.BufferedReader.fill(BufferedReader.java:161) ~[?:1.8.0_111]
	at java.io.BufferedReader.readLine(BufferedReader.java:324) ~[?:1.8.0_111]
	at java.io.BufferedReader.readLine(BufferedReader.java:389) ~[?:1.8.0_111]
	at ld$2.run(SourceFile:95) [minecraft_server.1.10.2.jar:?]
[22:28:08] [Server Shutdown Thread/INFO]: Saving players
